Removed Pin From Net: NetName=RS485 B1 Pin=U5-1
Removed Pin From Net: NetName=RS485 A1 Pin=U5-2
Removed Pin From Net: NetName=RS485 B2 Pin=U5-3
Removed Pin From Net: NetName=RS485 A2 Pin=U5-4
Removed Pin From Net: NetName=RS485 B3 Pin=U5-5
Removed Pin From Net: NetName=RS485 A3 Pin=U5-6
Removed Member From Class: ClassName=RS485 Member=U6
Removed Member From Class: ClassName=RS485 Member=U7
Added Pin To Net: NetName=RS485 A1 Pin=U5-1
Added Pin To Net: NetName=RS485 B1 Pin=U5-2
Added Pin To Net: NetName=RS485 A2 Pin=U5-3
Added Pin To Net: NetName=RS485 B2 Pin=U5-4
Added Pin To Net: NetName=RS485 A3 Pin=U5-5
Added Pin To Net: NetName=RS485 B3 Pin=U5-6
Added Member To Class: ClassName=RS485 Member=Component 1 MAX485
Added Member To Class: ClassName=RS485 Member=Component 2 MAX485
Added Member To Class: ClassName=RS485 Member=Component U4 TXS0102DCUR
Added Member To Class: ClassName=RS485 Member=Component U5 DB125-2.54-6P-GN-S
Added Room: Name=12V to5v_5V to 3.3V
Added Room: Name=RS485
Added Room: Name=STM32F103C8T6
